<?xml version="1.0" encoding="UTF-8"?>
<testsuite name="com.example.feignapi.FeignapiApplicationTests" tests="1" skipped="0" failures="0" errors="0" timestamp="2025-06-10T08:38:46.676Z" hostname="CTMCXNR9FL.local" time="0.087">
  <properties/>
  <testcase name="contextLoads()" classname="com.example.feignapi.FeignapiApplicationTests" time="0.087"/>
  <system-out><![CDATA[14:08:46.060 [Test worker] DEBUG org.springframework.test.context.BootstrapUtils - Instantiating CacheAwareContextLoaderDelegate from class [org.springframework.test.context.cache.DefaultCacheAwareContextLoaderDelegate]
14:08:46.062 [Test worker] DEBUG org.springframework.test.context.BootstrapUtils - Instantiating BootstrapContext using constructor [public org.springframework.test.context.support.DefaultBootstrapContext(java.lang.Class,org.springframework.test.context.CacheAwareContextLoaderDelegate)]
14:08:46.071 [Test worker] DEBUG org.springframework.test.context.BootstrapUtils - Instantiating TestContextBootstrapper for test class [com.example.feignapi.FeignapiApplicationTests] from class [org.springframework.boot.test.context.SpringBootTestContextBootstrapper]
14:08:46.074 [Test worker] INFO org.springframework.boot.test.context.SpringBootTestContextBootstrapper - Neither @ContextConfiguration nor @ContextHierarchy found for test class [com.example.feignapi.FeignapiApplicationTests], using SpringBootContextLoader
14:08:46.075 [Test worker] DEBUG org.springframework.test.context.support.AbstractContextLoader - Did not detect default resource location for test class [com.example.feignapi.FeignapiApplicationTests]: class path resource [com/example/feignapi/FeignapiApplicationTests-context.xml] does not exist
14:08:46.075 [Test worker] DEBUG org.springframework.test.context.support.AbstractContextLoader - Did not detect default resource location for test class [com.example.feignapi.FeignapiApplicationTests]: class path resource [com/example/feignapi/FeignapiApplicationTestsContext.groovy] does not exist
14:08:46.075 [Test worker] INFO org.springframework.test.context.support.AbstractContextLoader - Could not detect default resource locations for test class [com.example.feignapi.FeignapiApplicationTests]: no resource found for suffixes {-context.xml, Context.groovy}.
14:08:46.075 [Test worker] INFO org.springframework.test.context.support.AnnotationConfigContextLoaderUtils - Could not detect default configuration classes for test class [com.example.feignapi.FeignapiApplicationTests]: FeignapiApplicationTests does not declare any static, non-private, non-final, nested classes annotated with @Configuration.
14:08:46.087 [Test worker] DEBUG org.springframework.test.context.support.ActiveProfilesUtils - Could not find an 'annotation declaring class' for annotation type [org.springframework.test.context.ActiveProfiles] and class [com.example.feignapi.FeignapiApplicationTests]
14:08:46.101 [Test worker] DEBUG org.springframework.context.annotation.ClassPathScanningCandidateComponentProvider - Identified candidate component class: file [/Users/pinkesh.mahawar/Desktop/spring-feign-demo-project/build/classes/java/main/com/example/feignapi/FeignapiApplication.class]
14:08:46.102 [Test worker] INFO org.springframework.boot.test.context.SpringBootTestContextBootstrapper - Found @SpringBootConfiguration com.example.feignapi.FeignapiApplication for test class com.example.feignapi.FeignapiApplicationTests
14:08:46.130 [Test worker] DEBUG org.springframework.boot.test.context.SpringBootTestContextBootstrapper - @TestExecutionListeners is not present for class [com.example.feignapi.FeignapiApplicationTests]: using defaults.
14:08:46.130 [Test worker] INFO org.springframework.boot.test.context.SpringBootTestContextBootstrapper - Loaded default TestExecutionListener class names from location [META-INF/spring.factories]: [org.springframework.boot.test.autoconfigure.restdocs.RestDocsTestExecutionListener, org.springframework.boot.test.autoconfigure.web.client.MockRestServiceServerResetTestExecutionListener, org.springframework.boot.test.autoconfigure.web.servlet.MockMvcPrintOnlyOnFailureTestExecutionListener, org.springframework.boot.test.autoconfigure.web.servlet.WebDriverTestExecutionListener, org.springframework.boot.test.autoconfigure.webservices.client.MockWebServiceServerTestExecutionListener, org.springframework.boot.test.mock.mockito.MockitoTestExecutionListener, org.springframework.boot.test.mock.mockito.ResetMocksTestExecutionListener, org.springframework.test.context.web.ServletTestExecutionListener, org.springframework.test.context.support.DirtiesContextBeforeModesTestExecutionListener, org.springframework.test.context.event.ApplicationEventsTestExecutionListener, org.springframework.test.context.support.DependencyInjectionTestExecutionListener, org.springframework.test.context.support.DirtiesContextTestExecutionListener, org.springframework.test.context.transaction.TransactionalTestExecutionListener, org.springframework.test.context.jdbc.SqlScriptsTestExecutionListener, org.springframework.test.context.event.EventPublishingTestExecutionListener]
14:08:46.133 [Test worker] DEBUG org.springframework.boot.test.context.SpringBootTestContextBootstrapper - Skipping candidate TestExecutionListener [org.springframework.test.context.transaction.TransactionalTestExecutionListener] due to a missing dependency. Specify custom listener classes or make the default listener classes and their required dependencies available. Offending class: [org/springframework/transaction/interceptor/TransactionAttributeSource]
14:08:46.133 [Test worker] DEBUG org.springframework.boot.test.context.SpringBootTestContextBootstrapper - Skipping candidate TestExecutionListener [org.springframework.test.context.jdbc.SqlScriptsTestExecutionListener] due to a missing dependency. Specify custom listener classes or make the default listener classes and their required dependencies available. Offending class: [org/springframework/transaction/interceptor/TransactionAttribute]
14:08:46.133 [Test worker] INFO org.springframework.boot.test.context.SpringBootTestContextBootstrapper - Using TestExecutionListeners: [org.springframework.test.context.web.ServletTestExecutionListener@51b01960, org.springframework.test.context.support.DirtiesContextBeforeModesTestExecutionListener@6831d8fd, org.springframework.test.context.event.ApplicationEventsTestExecutionListener@27dc79f7, org.springframework.boot.test.mock.mockito.MockitoTestExecutionListener@6b85300e, org.springframework.boot.test.autoconfigure.SpringBootDependencyInjectionTestExecutionListener@3aaf4f07, org.springframework.test.context.support.DirtiesContextTestExecutionListener@5cbf9e9f, org.springframework.test.context.event.EventPublishingTestExecutionListener@18e8473e, org.springframework.boot.test.autoconfigure.restdocs.RestDocsTestExecutionListener@5a2f016d, org.springframework.boot.test.autoconfigure.web.client.MockRestServiceServerResetTestExecutionListener@1a38ba58, org.springframework.boot.test.autoconfigure.web.servlet.MockMvcPrintOnlyOnFailureTestExecutionListener@3ad394e6, org.springframework.boot.test.autoconfigure.web.servlet.WebDriverTestExecutionListener@6058e535, org.springframework.boot.test.autoconfigure.webservices.client.MockWebServiceServerTestExecutionListener@42deb43a, org.springframework.boot.test.mock.mockito.ResetMocksTestExecutionListener@1deb2c43]
14:08:46.134 [Test worker] DEBUG org.springframework.test.context.support.AbstractDirtiesContextTestExecutionListener - Before test class: context [DefaultTestContext@47a64f7d testClass = FeignapiApplicationTests, testInstance = [null], testMethod = [null], testException = [null], mergedContextConfiguration = [WebMergedContextConfiguration@33d05366 testClass = FeignapiApplicationTests, locations = '{}', classes = '{class com.example.feignapi.FeignapiApplication}', contextInitializerClasses = '[]', activeProfiles = '{}', propertySourceLocations = '{}', propertySourceProperties = '{org.springframework.boot.test.context.SpringBootTestContextBootstrapper=true}', contextCustomizers = set[org.springframework.boot.test.autoconfigure.actuate.metrics.MetricsExportContextCustomizerFactory$DisableMetricExportContextCustomizer@306851c7, org.springframework.boot.test.autoconfigure.properties.PropertyMappingContextCustomizer@0, org.springframework.boot.test.autoconfigure.web.servlet.WebDriverContextCustomizerFactory$Customizer@62ea3440, org.springframework.boot.test.context.filter.ExcludeFilterContextCustomizer@5bfa8cc5, org.springframework.boot.test.json.DuplicateJsonObjectContextCustomizerFactory$DuplicateJsonObjectContextCustomizer@3b220bcb, org.springframework.boot.test.mock.mockito.MockitoContextCustomizer@0, org.springframework.boot.test.web.client.TestRestTemplateContextCustomizer@6111ba37, org.springframework.boot.test.context.SpringBootTestArgs@1, org.springframework.boot.test.context.SpringBootTestWebEnvironment@14a50707], resourceBasePath = 'src/main/webapp', contextLoader = 'org.springframework.boot.test.context.SpringBootContextLoader', parent = [null]], attributes = map['org.springframework.test.context.web.ServletTestExecutionListener.activateListener' -> true]], class annotated with @DirtiesContext [false] with mode [null].

  .   ____          _            __ _ _
 /\\ / ___'_ __ _ _(_)_ __  __ _ \ \ \ \
( ( )\___ | '_ | '_| | '_ \/ _` | \ \ \ \
 \\/  ___)| |_)| | | | | || (_| |  ) ) ) )
  '  |____| .__|_| |_|_| |_\__, | / / / /
 =========|_|==============|___/=/_/_/_/
 :: Spring Boot ::      (v2.7.12-SNAPSHOT)

2025-06-10 14:08:46.257  INFO 12816 --- [    Test worker] c.e.feignapi.FeignapiApplicationTests    : Starting FeignapiApplicationTests using Java 11.0.27 on CTMCXNR9FL.local with PID 12816 (started by pinkesh.mahawar in /Users/pinkesh.mahawar/Desktop/spring-feign-demo-project)
2025-06-10 14:08:46.258  INFO 12816 --- [    Test worker] c.e.feignapi.FeignapiApplicationTests    : No active profile set, falling back to 1 default profile: "default"
2025-06-10 14:08:46.438  INFO 12816 --- [    Test worker] o.s.cloud.context.scope.GenericScope     : BeanFactory id=1fc4bb26-a52a-3927-b894-6dae73d547af
2025-06-10 14:08:46.671  INFO 12816 --- [    Test worker] c.e.feignapi.FeignapiApplicationTests    : Started FeignapiApplicationTests in 0.523 seconds (JVM running for 0.865)
]]></system-out>
  <system-err><![CDATA[]]></system-err>
</testsuite>
